# JRE version: Java(TM) SE Runtime Environment (8.0_131-b11) (build 1.8.0_131-b11)
# Java VM: Java HotSpot(TM) 64-Bit Server VM (25.131-b11 mixed mode windows-amd64 compressed oops)
Heap:
 PSYoungGen      total 308736K, used 54228K [0x00000000d5e00000, 0x00000000ee880000, 0x0000000100000000)
  eden space 291840K, 18% used [0x00000000d5e00000,0x00000000d92f50c0,0x00000000e7b00000)
  from space 16896K, 0% used [0x00000000ed800000,0x00000000ed800000,0x00000000ee880000)
  to   space 11776K, 0% used [0x00000000e7b00000,0x00000000e7b00000,0x00000000e8680000)
 ParOldGen       total 70144K, used 31807K [0x0000000081a00000, 0x0000000085e80000, 0x00000000d5e00000)
  object space 70144K, 45% used [0x0000000081a00000,0x000000008390fd68,0x0000000085e80000)
 Metaspace       used 57283K, capacity 59706K, committed 59736K, reserved 1101824K
  class space    used 7275K, capacity 7752K, committed 7768K, reserved 1048576K
GC Heap History (10 events):
Event: 11.543 GC heap before
{Heap before GC invocations=13 (full 2):
 PSYoungGen      total 204800K, used 9246K [0x00000000d5e00000, 0x00000000e9380000, 0x0000000100000000)
  eden space 194560K, 0% used [0x00000000d5e00000,0x00000000d5e00000,0x00000000e1c00000)
  from space 10240K, 90% used [0x00000000e1c00000,0x00000000e2507ad0,0x00000000e2600000)
  to   space 11264K, 0% used [0x00000000e8880000,0x00000000e8880000,0x00000000e9380000)
 ParOldGen       total 45056K, used 11810K [0x0000000081a00000, 0x0000000084600000, 0x00000000d5e00000)
  object space 45056K, 26% used [0x0000000081a00000,0x0000000082588be8,0x0000000084600000)
 Metaspace       used 34059K, capacity 35306K, committed 35416K, reserved 1079296K
  class space    used 4600K, capacity 4894K, committed 4952K, reserved 1048576K
Event: 11.654 GC heap after
Heap after GC invocations=13 (full 2):
 PSYoungGen      total 204800K, used 0K [0x00000000d5e00000, 0x00000000e9380000, 0x0000000100000000)
  eden space 194560K, 0% used [0x00000000d5e00000,0x00000000d5e00000,0x00000000e1c00000)
  from space 10240K, 0% used [0x00000000e1c00000,0x00000000e1c00000,0x00000000e2600000)
  to   space 11264K, 0% used [0x00000000e8880000,0x00000000e8880000,0x00000000e9380000)
 ParOldGen       total 70144K, used 19164K [0x0000000081a00000, 0x0000000085e80000, 0x00000000d5e00000)
  object space 70144K, 27% used [0x0000000081a00000,0x0000000082cb7330,0x0000000085e80000)
 Metaspace       used 34059K, capacity 35306K, committed 35416K, reserved 1079296K
  class space    used 4600K, capacity 4894K, committed 4952K, reserved 1048576K
}
Event: 13.330 GC heap before
{Heap before GC invocations=14 (full 2):
 PSYoungGen      total 204800K, used 194560K [0x00000000d5e00000, 0x00000000e9380000, 0x0000000100000000)
  eden space 194560K, 100% used [0x00000000d5e00000,0x00000000e1c00000,0x00000000e1c00000)
  from space 10240K, 0% used [0x00000000e1c00000,0x00000000e1c00000,0x00000000e2600000)
  to   space 11264K, 0% used [0x00000000e8880000,0x00000000e8880000,0x00000000e9380000)
 ParOldGen       total 70144K, used 19164K [0x0000000081a00000, 0x0000000085e80000, 0x00000000d5e00000)
  object space 70144K, 27% used [0x0000000081a00000,0x0000000082cb7330,0x0000000085e80000)
 Metaspace       used 40833K, capacity 42402K, committed 42584K, reserved 1085440K
  class space    used 5375K, capacity 5706K, committed 5720K, reserved 1048576K
Event: 13.339 GC heap after
Heap after GC invocations=14 (full 2):
 PSYoungGen      total 279552K, used 9711K [0x00000000d5e00000, 0x00000000e9200000, 0x0000000100000000)
  eden space 269824K, 0% used [0x00000000d5e00000,0x00000000d5e00000,0x00000000e6580000)
  from space 9728K, 99% used [0x00000000e8880000,0x00000000e91fbe70,0x00000000e9200000)
  to   space 11776K, 0% used [0x00000000e7b00000,0x00000000e7b00000,0x00000000e8680000)
 ParOldGen       total 70144K, used 19188K [0x0000000081a00000, 0x0000000085e80000, 0x00000000d5e00000)
  object space 70144K, 27% used [0x0000000081a00000,0x0000000082cbd330,0x0000000085e80000)
 Metaspace       used 40833K, capacity 42402K, committed 42584K, reserved 1085440K
  class space    used 5375K, capacity 5706K, committed 5720K, reserved 1048576K
}
Event: 16.042 GC heap before
{Heap before GC invocations=15 (full 2):
 PSYoungGen      total 279552K, used 279535K [0x00000000d5e00000, 0x00000000e9200000, 0x0000000100000000)
  eden space 269824K, 100% used [0x00000000d5e00000,0x00000000e6580000,0x00000000e6580000)
  from space 9728K, 99% used [0x00000000e8880000,0x00000000e91fbe70,0x00000000e9200000)
  to   space 11776K, 0% used [0x00000000e7b00000,0x00000000e7b00000,0x00000000e8680000)
 ParOldGen       total 70144K, used 19188K [0x0000000081a00000, 0x0000000085e80000, 0x00000000d5e00000)
  object space 70144K, 27% used [0x0000000081a00000,0x0000000082cbd330,0x0000000085e80000)
 Metaspace       used 50717K, capacity 52984K, committed 53336K, reserved 1095680K
  class space    used 6683K, capacity 7145K, committed 7256K, reserved 1048576K
Event: 16.082 GC heap after
Heap after GC invocations=15 (full 2):
 PSYoungGen      total 303616K, used 11758K [0x00000000d5e00000, 0x00000000ee880000, 0x0000000100000000)
  eden space 291840K, 0% used [0x00000000d5e00000,0x00000000d5e00000,0x00000000e7b00000)
  from space 11776K, 99% used [0x00000000e7b00000,0x00000000e867b958,0x00000000e8680000)
  to   space 16896K, 0% used [0x00000000ed800000,0x00000000ed800000,0x00000000ee880000)
 ParOldGen       total 70144K, used 28426K [0x0000000081a00000, 0x0000000085e80000, 0x00000000d5e00000)
  object space 70144K, 40% used [0x0000000081a00000,0x00000000835c28c8,0x0000000085e80000)
 Metaspace       used 50717K, capacity 52984K, committed 53336K, reserved 1095680K
  class space    used 6683K, capacity 7145K, committed 7256K, reserved 1048576K
}
Event: 17.094 GC heap before
{Heap before GC invocations=16 (full 2):
 PSYoungGen      total 303616K, used 126131K [0x00000000d5e00000, 0x00000000ee880000, 0x0000000100000000)
  eden space 291840K, 39% used [0x00000000d5e00000,0x00000000dcdb13c0,0x00000000e7b00000)
  from space 11776K, 99% used [0x00000000e7b00000,0x00000000e867b958,0x00000000e8680000)
  to   space 16896K, 0% used [0x00000000ed800000,0x00000000ed800000,0x00000000ee880000)
 ParOldGen       total 70144K, used 28426K [0x0000000081a00000, 0x0000000085e80000, 0x00000000d5e00000)
  object space 70144K, 40% used [0x0000000081a00000,0x00000000835c28c8,0x0000000085e80000)
 Metaspace       used 56492K, capacity 58836K, committed 58968K, reserved 1099776K
  class space    used 7190K, capacity 7645K, committed 7768K, reserved 1048576K
Event: 17.106 GC heap after
Heap after GC invocations=16 (full 2):
 PSYoungGen      total 308736K, used 6413K [0x00000000d5e00000, 0x00000000ee880000, 0x0000000100000000)
  eden space 291840K, 0% used [0x00000000d5e00000,0x00000000d5e00000,0x00000000e7b00000)
  from space 16896K, 37% used [0x00000000ed800000,0x00000000ede43418,0x00000000ee880000)
  to   space 11776K, 0% used [0x00000000e7b00000,0x00000000e7b00000,0x00000000e8680000)
 ParOldGen       total 70144K, used 34962K [0x0000000081a00000, 0x0000000085e80000, 0x00000000d5e00000)
  object space 70144K, 49% used [0x0000000081a00000,0x0000000083c24a08,0x0000000085e80000)
 Metaspace       used 56492K, capacity 58836K, committed 58968K, reserved 1099776K
  class space    used 7190K, capacity 7645K, committed 7768K, reserved 1048576K
}
Event: 17.106 GC heap before
{Heap before GC invocations=17 (full 3):
 PSYoungGen      total 308736K, used 6413K [0x00000000d5e00000, 0x00000000ee880000, 0x0000000100000000)
  eden space 291840K, 0% used [0x00000000d5e00000,0x00000000d5e00000,0x00000000e7b00000)
  from space 16896K, 37% used [0x00000000ed800000,0x00000000ede43418,0x00000000ee880000)
  to   space 11776K, 0% used [0x00000000e7b00000,0x00000000e7b00000,0x00000000e8680000)
 ParOldGen       total 70144K, used 34962K [0x0000000081a00000, 0x0000000085e80000, 0x00000000d5e00000)
  object space 70144K, 49% used [0x0000000081a00000,0x0000000083c24a08,0x0000000085e80000)
 Metaspace       used 56492K, capacity 58836K, committed 58968K, reserved 1099776K
  class space    used 7190K, capacity 7645K, committed 7768K, reserved 1048576K
Event: 17.305 GC heap after
Heap after GC invocations=17 (full 3):
 PSYoungGen      total 308736K, used 0K [0x00000000d5e00000, 0x00000000ee880000, 0x0000000100000000)
  eden space 291840K, 0% used [0x00000000d5e00000,0x00000000d5e00000,0x00000000e7b00000)
  from space 16896K, 0% used [0x00000000ed800000,0x00000000ed800000,0x00000000ee880000)
  to   space 11776K, 0% used [0x00000000e7b00000,0x00000000e7b00000,0x00000000e8680000)
 ParOldGen       total 70144K, used 31807K [0x0000000081a00000, 0x0000000085e80000, 0x00000000d5e00000)
  object space 70144K, 45% used [0x0000000081a00000,0x000000008390fd68,0x0000000085e80000)
 Metaspace       used 56492K, capacity 58836K, committed 58968K, reserved 1099776K
  class space    used 7190K, capacity 7645K, committed 7768K, reserved 1048576K
}

