# JRE version: Java(TM) SE Runtime Environment (8.0_131-b11) (build 1.8.0_131-b11)
# Java VM: Java HotSpot(TM) 64-Bit Server VM (25.131-b11 mixed mode windows-amd64 compressed oops)
Heap:
 PSYoungGen      total 121344K, used 3282K [0x00000000d5e00000, 0x00000000dde80000, 0x0000000100000000)
  eden space 113152K, 2% used [0x00000000d5e00000,0x00000000d6134980,0x00000000dcc80000)
  from space 8192K, 0% used [0x00000000dce80000,0x00000000dce80000,0x00000000dd680000)
  to   space 7168K, 0% used [0x00000000dd780000,0x00000000dd780000,0x00000000dde80000)
 ParOldGen       total 50688K, used 13826K [0x0000000081a00000, 0x0000000084b80000, 0x00000000d5e00000)
  object space 50688K, 27% used [0x0000000081a00000,0x00000000827808c0,0x0000000084b80000)
 Metaspace       used 33081K, capacity 34358K, committed 34560K, reserved 1085440K
  class space    used 4501K, capacity 4794K, committed 4864K, reserved 1048576K
GC Heap History (10 events):
Event: 8.988 GC heap before
{Heap before GC invocations=10 (full 1):
 PSYoungGen      total 120320K, used 120224K [0x00000000d5e00000, 0x00000000dde80000, 0x0000000100000000)
  eden space 113152K, 100% used [0x00000000d5e00000,0x00000000dcc80000,0x00000000dcc80000)
  from space 7168K, 98% used [0x00000000dd780000,0x00000000dde680a8,0x00000000dde80000)
  to   space 8192K, 0% used [0x00000000dce80000,0x00000000dce80000,0x00000000dd680000)
 ParOldGen       total 50688K, used 6894K [0x0000000081a00000, 0x0000000084b80000, 0x00000000d5e00000)
  object space 50688K, 13% used [0x0000000081a00000,0x00000000820bb890,0x0000000084b80000)
 Metaspace       used 29465K, capacity 30656K, committed 30976K, reserved 1075200K
  class space    used 4001K, capacity 4267K, committed 4352K, reserved 1048576K
Event: 9.003 GC heap after
Heap after GC invocations=10 (full 1):
 PSYoungGen      total 121344K, used 8185K [0x00000000d5e00000, 0x00000000dde80000, 0x0000000100000000)
  eden space 113152K, 0% used [0x00000000d5e00000,0x00000000d5e00000,0x00000000dcc80000)
  from space 8192K, 99% used [0x00000000dce80000,0x00000000dd67e588,0x00000000dd680000)
  to   space 7168K, 0% used [0x00000000dd780000,0x00000000dd780000,0x00000000dde80000)
 ParOldGen       total 50688K, used 9701K [0x0000000081a00000, 0x0000000084b80000, 0x00000000d5e00000)
  object space 50688K, 19% used [0x0000000081a00000,0x00000000823794b0,0x0000000084b80000)
 Metaspace       used 29465K, capacity 30656K, committed 30976K, reserved 1075200K
  class space    used 4001K, capacity 4267K, committed 4352K, reserved 1048576K
}
Event: 10.073 GC heap before
{Heap before GC invocations=11 (full 1):
 PSYoungGen      total 121344K, used 72649K [0x00000000d5e00000, 0x00000000dde80000, 0x0000000100000000)
  eden space 113152K, 56% used [0x00000000d5e00000,0x00000000d9cf3f98,0x00000000dcc80000)
  from space 8192K, 99% used [0x00000000dce80000,0x00000000dd67e588,0x00000000dd680000)
  to   space 7168K, 0% used [0x00000000dd780000,0x00000000dd780000,0x00000000dde80000)
 ParOldGen       total 50688K, used 9701K [0x0000000081a00000, 0x0000000084b80000, 0x00000000d5e00000)
  object space 50688K, 19% used [0x0000000081a00000,0x00000000823794b0,0x0000000084b80000)
 Metaspace       used 32293K, capacity 33530K, committed 33664K, reserved 1085440K
  class space    used 4412K, capacity 4692K, committed 4736K, reserved 1048576K
Event: 10.081 GC heap after
Heap after GC invocations=11 (full 1):
 PSYoungGen      total 120320K, used 7136K [0x00000000d5e00000, 0x00000000dde80000, 0x0000000100000000)
  eden space 113152K, 0% used [0x00000000d5e00000,0x00000000d5e00000,0x00000000dcc80000)
  from space 7168K, 99% used [0x00000000dd780000,0x00000000dde78120,0x00000000dde80000)
  to   space 8192K, 0% used [0x00000000dce80000,0x00000000dce80000,0x00000000dd680000)
 ParOldGen       total 50688K, used 13205K [0x0000000081a00000, 0x0000000084b80000, 0x00000000d5e00000)
  object space 50688K, 26% used [0x0000000081a00000,0x00000000826e5758,0x0000000084b80000)
 Metaspace       used 32293K, capacity 33530K, committed 33664K, reserved 1085440K
  class space    used 4412K, capacity 4692K, committed 4736K, reserved 1048576K
}
Event: 10.081 GC heap before
{Heap before GC invocations=12 (full 2):
 PSYoungGen      total 120320K, used 7136K [0x00000000d5e00000, 0x00000000dde80000, 0x0000000100000000)
  eden space 113152K, 0% used [0x00000000d5e00000,0x00000000d5e00000,0x00000000dcc80000)
  from space 7168K, 99% used [0x00000000dd780000,0x00000000dde78120,0x00000000dde80000)
  to   space 8192K, 0% used [0x00000000dce80000,0x00000000dce80000,0x00000000dd680000)
 ParOldGen       total 50688K, used 13205K [0x0000000081a00000, 0x0000000084b80000, 0x00000000d5e00000)
  object space 50688K, 26% used [0x0000000081a00000,0x00000000826e5758,0x0000000084b80000)
 Metaspace       used 32293K, capacity 33530K, committed 33664K, reserved 1085440K
  class space    used 4412K, capacity 4692K, committed 4736K, reserved 1048576K
Event: 10.156 GC heap after
Heap after GC invocations=12 (full 2):
 PSYoungGen      total 120320K, used 0K [0x00000000d5e00000, 0x00000000dde80000, 0x0000000100000000)
  eden space 113152K, 0% used [0x00000000d5e00000,0x00000000d5e00000,0x00000000dcc80000)
  from space 7168K, 0% used [0x00000000dd780000,0x00000000dd780000,0x00000000dde80000)
  to   space 8192K, 0% used [0x00000000dce80000,0x00000000dce80000,0x00000000dd680000)
 ParOldGen       total 50688K, used 15792K [0x0000000081a00000, 0x0000000084b80000, 0x00000000d5e00000)
  object space 50688K, 31% used [0x0000000081a00000,0x000000008296c240,0x0000000084b80000)
 Metaspace       used 32293K, capacity 33530K, committed 33664K, reserved 1081344K
  class space    used 4412K, capacity 4692K, committed 4736K, reserved 1048576K
}
Event: 10.279 GC heap before
{Heap before GC invocations=13 (full 2):
 PSYoungGen      total 120320K, used 9873K [0x00000000d5e00000, 0x00000000dde80000, 0x0000000100000000)
  eden space 113152K, 8% used [0x00000000d5e00000,0x00000000d67a4628,0x00000000dcc80000)
  from space 7168K, 0% used [0x00000000dd780000,0x00000000dd780000,0x00000000dde80000)
  to   space 8192K, 0% used [0x00000000dce80000,0x00000000dce80000,0x00000000dd680000)
 ParOldGen       total 50688K, used 15792K [0x0000000081a00000, 0x0000000084b80000, 0x00000000d5e00000)
  object space 50688K, 31% used [0x0000000081a00000,0x000000008296c240,0x0000000084b80000)
 Metaspace       used 32769K, capacity 34036K, committed 34176K, reserved 1085440K
  class space    used 4454K, capacity 4729K, committed 4736K, reserved 1048576K
Event: 10.282 GC heap after
Heap after GC invocations=13 (full 2):
 PSYoungGen      total 121344K, used 1042K [0x00000000d5e00000, 0x00000000dde80000, 0x0000000100000000)
  eden space 113152K, 0% used [0x00000000d5e00000,0x00000000d5e00000,0x00000000dcc80000)
  from space 8192K, 12% used [0x00000000dce80000,0x00000000dcf848c0,0x00000000dd680000)
  to   space 7168K, 0% used [0x00000000dd780000,0x00000000dd780000,0x00000000dde80000)
 ParOldGen       total 50688K, used 15800K [0x0000000081a00000, 0x0000000084b80000, 0x00000000d5e00000)
  object space 50688K, 31% used [0x0000000081a00000,0x000000008296e240,0x0000000084b80000)
 Metaspace       used 32769K, capacity 34036K, committed 34176K, reserved 1085440K
  class space    used 4454K, capacity 4729K, committed 4736K, reserved 1048576K
}
Event: 10.282 GC heap before
{Heap before GC invocations=14 (full 3):
 PSYoungGen      total 121344K, used 1042K [0x00000000d5e00000, 0x00000000dde80000, 0x0000000100000000)
  eden space 113152K, 0% used [0x00000000d5e00000,0x00000000d5e00000,0x00000000dcc80000)
  from space 8192K, 12% used [0x00000000dce80000,0x00000000dcf848c0,0x00000000dd680000)
  to   space 7168K, 0% used [0x00000000dd780000,0x00000000dd780000,0x00000000dde80000)
 ParOldGen       total 50688K, used 15800K [0x0000000081a00000, 0x0000000084b80000, 0x00000000d5e00000)
  object space 50688K, 31% used [0x0000000081a00000,0x000000008296e240,0x0000000084b80000)
 Metaspace       used 32769K, capacity 34036K, committed 34176K, reserved 1085440K
  class space    used 4454K, capacity 4729K, committed 4736K, reserved 1048576K
Event: 10.472 GC heap after
Heap after GC invocations=14 (full 3):
 PSYoungGen      total 121344K, used 0K [0x00000000d5e00000, 0x00000000dde80000, 0x0000000100000000)
  eden space 113152K, 0% used [0x00000000d5e00000,0x00000000d5e00000,0x00000000dcc80000)
  from space 8192K, 0% used [0x00000000dce80000,0x00000000dce80000,0x00000000dd680000)
  to   space 7168K, 0% used [0x00000000dd780000,0x00000000dd780000,0x00000000dde80000)
 ParOldGen       total 50688K, used 13826K [0x0000000081a00000, 0x0000000084b80000, 0x00000000d5e00000)
  object space 50688K, 27% used [0x0000000081a00000,0x00000000827808c0,0x0000000084b80000)
 Metaspace       used 32769K, capacity 34036K, committed 34176K, reserved 1083392K
  class space    used 4454K, capacity 4729K, committed 4736K, reserved 1048576K
}

